{"/Users/wei/Documents/iteration Project/whos-that-pokemon/server/models/pokemonModels.js": {"path":"/Users/wei/Documents/iteration Project/whos-that-pokemon/server/models/pokemonModels.js","statementMap":{"0":{"start":{"line":1,"column":17},"end":{"line":1,"column":36}},"1":{"start":{"line":2,"column":0},"end":{"line":2,"column":27}},"2":{"start":{"line":4,"column":20},"end":{"line":4,"column":44}},"3":{"start":{"line":6,"column":42},"end":{"line":6,"column":60}},"4":{"start":{"line":8,"column":12},"end":{"line":8,"column":23}},"5":{"start":{"line":10,"column":0},"end":{"line":10,"column":75}},"6":{"start":{"line":11,"column":0},"end":{"line":13,"column":3}},"7":{"start":{"line":12,"column":2},"end":{"line":12,"column":39}},"8":{"start":{"line":15,"column":15},"end":{"line":15,"column":30}},"9":{"start":{"line":18,"column":22},"end":{"line":21,"column":2}},"10":{"start":{"line":24,"column":19},"end":{"line":34,"column":2}},"11":{"start":{"line":36,"column":16},"end":{"line":36,"column":56}},"12":{"start":{"line":37,"column":13},"end":{"line":37,"column":47}},"13":{"start":{"line":39,"column":0},"end":{"line":42,"column":2}}},"fnMap":{"0":{"name":"(anonymous_0)","decl":{"start":{"line":11,"column":33},"end":{"line":11,"column":34}},"loc":{"start":{"line":11,"column":39},"end":{"line":13,"column":1}},"line":11}},"branchMap":{},"s":{"0":1,"1":1,"2":1,"3":1,"4":1,"5":1,"6":1,"7":1,"8":1,"9":1,"10":1,"11":1,"12":1,"13":1},"f":{"0":1},"b":{},"_coverageSchema":"1a1c01bbd47fc00a2c39e90264f33305004495a9","hash":"6bb999d9c12f1a091b54b6e32c5fee2326c65ece"}
}
