{"/Users/wei/Documents/iteration Project/whos-that-pokemon/server/models/pokemonModels.js": {"path":"/Users/wei/Documents/iteration Project/whos-that-pokemon/server/models/pokemonModels.js","statementMap":{"0":{"start":{"line":1,"column":17},"end":{"line":1,"column":36}},"1":{"start":{"line":2,"column":0},"end":{"line":2,"column":27}},"2":{"start":{"line":4,"column":20},"end":{"line":4,"column":44}},"3":{"start":{"line":6,"column":42},"end":{"line":6,"column":60}},"4":{"start":{"line":8,"column":12},"end":{"line":8,"column":23}},"5":{"start":{"line":10,"column":0},"end":{"line":10,"column":75}},"6":{"start":{"line":11,"column":0},"end":{"line":13,"column":3}},"7":{"start":{"line":12,"column":2},"end":{"line":12,"column":39}},"8":{"start":{"line":15,"column":15},"end":{"line":15,"column":30}},"9":{"start":{"line":18,"column":22},"end":{"line":21,"column":2}},"10":{"start":{"line":24,"column":19},"end":{"line":34,"column":2}},"11":{"start":{"line":36,"column":16},"end":{"line":36,"column":56}},"12":{"start":{"line":37,"column":13},"end":{"line":37,"column":47}},"13":{"start":{"line":39,"column":0},"end":{"line":42,"column":2}}},"fnMap":{"0":{"name":"(anonymous_0)","decl":{"start":{"line":11,"column":33},"end":{"line":11,"column":34}},"loc":{"start":{"line":11,"column":39},"end":{"line":13,"column":1}},"line":11}},"branchMap":{},"s":{"0":1,"1":1,"2":1,"3":1,"4":1,"5":1,"6":1,"7":1,"8":1,"9":1,"10":1,"11":1,"12":1,"13":1},"f":{"0":1},"b":{},"_coverageSchema":"1a1c01bbd47fc00a2c39e90264f33305004495a9","hash":"6bb999d9c12f1a091b54b6e32c5fee2326c65ece"}
}
{"/Users/sonyahu/codesmith/whos-that-pokemon/server/server.js": {"path":"/Users/sonyahu/codesmith/whos-that-pokemon/server/server.js","statementMap":{"0":{"start":{"line":1,"column":16},"end":{"line":1,"column":34}},"1":{"start":{"line":2,"column":12},"end":{"line":2,"column":21}},"2":{"start":{"line":3,"column":18},"end":{"line":3,"column":41}},"3":{"start":{"line":5,"column":0},"end":{"line":5,"column":48}},"4":{"start":{"line":6,"column":0},"end":{"line":6,"column":24}},"5":{"start":{"line":7,"column":0},"end":{"line":7,"column":48}},"6":{"start":{"line":10,"column":0},"end":{"line":10,"column":31}},"7":{"start":{"line":13,"column":0},"end":{"line":13,"column":44}},"8":{"start":{"line":13,"column":27},"end":{"line":13,"column":42}},"9":{"start":{"line":16,"column":0},"end":{"line":25,"column":3}},"10":{"start":{"line":17,"column":21},"end":{"line":21,"column":3}},"11":{"start":{"line":22,"column":19},"end":{"line":22,"column":53}},"12":{"start":{"line":23,"column":2},"end":{"line":23,"column":28}},"13":{"start":{"line":24,"column":2},"end":{"line":24,"column":60}},"14":{"start":{"line":28,"column":0},"end":{"line":28,"column":21}}},"fnMap":{"0":{"name":"(anonymous_0)","decl":{"start":{"line":13,"column":13},"end":{"line":13,"column":14}},"loc":{"start":{"line":13,"column":27},"end":{"line":13,"column":42}},"line":13},"1":{"name":"(anonymous_1)","decl":{"start":{"line":16,"column":8},"end":{"line":16,"column":9}},"loc":{"start":{"line":16,"column":33},"end":{"line":25,"column":1}},"line":16}},"branchMap":{},"s":{"0":1,"1":1,"2":1,"3":1,"4":1,"5":1,"6":1,"7":1,"8":0,"9":1,"10":1,"11":1,"12":1,"13":1,"14":1},"f":{"0":0,"1":1},"b":{},"_coverageSchema":"1a1c01bbd47fc00a2c39e90264f33305004495a9","hash":"54c9bcd942a9887dec8de2409c0d8aa4e2660d0e"}
,"/Users/sonyahu/codesmith/whos-that-pokemon/server/controllers/pokemonController.js": {"path":"/Users/sonyahu/codesmith/whos-that-pokemon/server/controllers/pokemonController.js","statementMap":{"0":{"start":{"line":1,"column":20},"end":{"line":1,"column":54}},"1":{"start":{"line":2,"column":14},"end":{"line":2,"column":35}},"2":{"start":{"line":4,"column":26},"end":{"line":4,"column":28}},"3":{"start":{"line":7,"column":0},"end":{"line":20,"column":1}},"4":{"start":{"line":8,"column":4},"end":{"line":19,"column":5}},"5":{"start":{"line":9,"column":30},"end":{"line":9,"column":83}},"6":{"start":{"line":10,"column":35},"end":{"line":10,"column":51}},"7":{"start":{"line":11,"column":8},"end":{"line":11,"column":68}},"8":{"start":{"line":12,"column":8},"end":{"line":12,"column":22}},"9":{"start":{"line":14,"column":8},"end":{"line":18,"column":11}},"10":{"start":{"line":46,"column":0},"end":{"line":46,"column":35}}},"fnMap":{"0":{"name":"(anonymous_0)","decl":{"start":{"line":7,"column":31},"end":{"line":7,"column":32}},"loc":{"start":{"line":7,"column":57},"end":{"line":20,"column":1}},"line":7}},"branchMap":{},"s":{"0":1,"1":1,"2":1,"3":1,"4":2,"5":2,"6":2,"7":2,"8":2,"9":0,"10":1},"f":{"0":2},"b":{},"_coverageSchema":"1a1c01bbd47fc00a2c39e90264f33305004495a9","hash":"3bb2e6e7edfac91ffafd72ce623ad7f175a13f10"}
,"/Users/sonyahu/codesmith/whos-that-pokemon/server/controllers/userController.js": {"path":"/Users/sonyahu/codesmith/whos-that-pokemon/server/controllers/userController.js","statementMap":{"0":{"start":{"line":1,"column":17},"end":{"line":1,"column":51}},"1":{"start":{"line":2,"column":14},"end":{"line":2,"column":35}},"2":{"start":{"line":3,"column":15},"end":{"line":3,"column":32}},"3":{"start":{"line":5,"column":23},"end":{"line":5,"column":25}},"4":{"start":{"line":14,"column":0},"end":{"line":38,"column":2}},"5":{"start":{"line":15,"column":2},"end":{"line":37,"column":3}},"6":{"start":{"line":16,"column":35},"end":{"line":16,"column":43}},"7":{"start":{"line":17,"column":25},"end":{"line":17,"column":67}},"8":{"start":{"line":18,"column":4},"end":{"line":30,"column":5}},"9":{"start":{"line":19,"column":6},"end":{"line":23,"column":9}},"10":{"start":{"line":25,"column":19},"end":{"line":25,"column":43}},"11":{"start":{"line":26,"column":29},"end":{"line":26,"column":62}},"12":{"start":{"line":27,"column":6},"end":{"line":27,"column":74}},"13":{"start":{"line":28,"column":6},"end":{"line":28,"column":34}},"14":{"start":{"line":29,"column":6},"end":{"line":29,"column":20}},"15":{"start":{"line":32,"column":4},"end":{"line":36,"column":7}},"16":{"start":{"line":44,"column":0},"end":{"line":74,"column":2}},"17":{"start":{"line":45,"column":2},"end":{"line":73,"column":3}},"18":{"start":{"line":46,"column":35},"end":{"line":46,"column":43}},"19":{"start":{"line":47,"column":25},"end":{"line":47,"column":67}},"20":{"start":{"line":48,"column":4},"end":{"line":66,"column":5}},"21":{"start":{"line":50,"column":6},"end":{"line":59,"column":7}},"22":{"start":{"line":51,"column":8},"end":{"line":51,"column":47}},"23":{"start":{"line":52,"column":8},"end":{"line":52,"column":22}},"24":{"start":{"line":54,"column":8},"end":{"line":58,"column":11}},"25":{"start":{"line":61,"column":6},"end":{"line":65,"column":9}},"26":{"start":{"line":68,"column":4},"end":{"line":72,"column":7}},"27":{"start":{"line":76,"column":0},"end":{"line":76,"column":32}}},"fnMap":{"0":{"name":"(anonymous_0)","decl":{"start":{"line":14,"column":28},"end":{"line":14,"column":29}},"loc":{"start":{"line":14,"column":54},"end":{"line":38,"column":1}},"line":14},"1":{"name":"(anonymous_1)","decl":{"start":{"line":44,"column":27},"end":{"line":44,"column":28}},"loc":{"start":{"line":44,"column":53},"end":{"line":74,"column":1}},"line":44}},"branchMap":{"0":{"loc":{"start":{"line":18,"column":4},"end":{"line":30,"column":5}},"type":"if","locations":[{"start":{"line":18,"column":4},"end":{"line":30,"column":5}},{"start":{"line":24,"column":11},"end":{"line":30,"column":5}}],"line":18},"1":{"loc":{"start":{"line":48,"column":4},"end":{"line":66,"column":5}},"type":"if","locations":[{"start":{"line":48,"column":4},"end":{"line":66,"column":5}},{"start":{"line":60,"column":11},"end":{"line":66,"column":5}}],"line":48},"2":{"loc":{"start":{"line":50,"column":6},"end":{"line":59,"column":7}},"type":"if","locations":[{"start":{"line":50,"column":6},"end":{"line":59,"column":7}},{"start":{"line":53,"column":13},"end":{"line":59,"column":7}}],"line":50}},"s":{"0":1,"1":1,"2":1,"3":1,"4":1,"5":0,"6":0,"7":0,"8":0,"9":0,"10":0,"11":0,"12":0,"13":0,"14":0,"15":0,"16":1,"17":1,"18":1,"19":1,"20":1,"21":0,"22":0,"23":0,"24":0,"25":1,"26":0,"27":1},"f":{"0":0,"1":1},"b":{"0":[0,0],"1":[0,1],"2":[0,0]},"_coverageSchema":"1a1c01bbd47fc00a2c39e90264f33305004495a9","hash":"62a2ede4fe8e7bba0e2509c3b1afdf96415930a3"}
,"/Users/sonyahu/codesmith/whos-that-pokemon/server/models/pokemonModels.js": {"path":"/Users/sonyahu/codesmith/whos-that-pokemon/server/models/pokemonModels.js","statementMap":{"0":{"start":{"line":1,"column":17},"end":{"line":1,"column":36}},"1":{"start":{"line":2,"column":0},"end":{"line":2,"column":27}},"2":{"start":{"line":4,"column":20},"end":{"line":4,"column":44}},"3":{"start":{"line":6,"column":42},"end":{"line":6,"column":60}},"4":{"start":{"line":8,"column":12},"end":{"line":8,"column":23}},"5":{"start":{"line":10,"column":0},"end":{"line":10,"column":75}},"6":{"start":{"line":11,"column":0},"end":{"line":13,"column":3}},"7":{"start":{"line":12,"column":2},"end":{"line":12,"column":39}},"8":{"start":{"line":15,"column":15},"end":{"line":15,"column":30}},"9":{"start":{"line":18,"column":22},"end":{"line":21,"column":2}},"10":{"start":{"line":24,"column":19},"end":{"line":34,"column":2}},"11":{"start":{"line":36,"column":16},"end":{"line":36,"column":56}},"12":{"start":{"line":37,"column":13},"end":{"line":37,"column":47}},"13":{"start":{"line":39,"column":0},"end":{"line":42,"column":2}}},"fnMap":{"0":{"name":"(anonymous_0)","decl":{"start":{"line":11,"column":33},"end":{"line":11,"column":34}},"loc":{"start":{"line":11,"column":39},"end":{"line":13,"column":1}},"line":11}},"branchMap":{},"s":{"0":1,"1":1,"2":1,"3":1,"4":1,"5":1,"6":1,"7":1,"8":1,"9":1,"10":1,"11":1,"12":1,"13":1},"f":{"0":1},"b":{},"_coverageSchema":"1a1c01bbd47fc00a2c39e90264f33305004495a9","hash":"9430f60fe7a4e8fdf015cc8653562f45feb3da15"}
,"/Users/sonyahu/codesmith/whos-that-pokemon/server/routes/api.js": {"path":"/Users/sonyahu/codesmith/whos-that-pokemon/server/routes/api.js","statementMap":{"0":{"start":{"line":1,"column":16},"end":{"line":1,"column":34}},"1":{"start":{"line":2,"column":26},"end":{"line":2,"column":69}},"2":{"start":{"line":3,"column":23},"end":{"line":3,"column":63}},"3":{"start":{"line":4,"column":20},"end":{"line":4,"column":57}},"4":{"start":{"line":6,"column":15},"end":{"line":6,"column":31}},"5":{"start":{"line":7,"column":0},"end":{"line":7,"column":27}},"6":{"start":{"line":11,"column":0},"end":{"line":13,"column":3}},"7":{"start":{"line":12,"column":2},"end":{"line":12,"column":56}},"8":{"start":{"line":17,"column":0},"end":{"line":19,"column":3}},"9":{"start":{"line":18,"column":2},"end":{"line":18,"column":54}},"10":{"start":{"line":23,"column":0},"end":{"line":25,"column":3}},"11":{"start":{"line":24,"column":2},"end":{"line":24,"column":51}},"12":{"start":{"line":47,"column":0},"end":{"line":47,"column":24}}},"fnMap":{"0":{"name":"(anonymous_0)","decl":{"start":{"line":11,"column":46},"end":{"line":11,"column":47}},"loc":{"start":{"line":11,"column":60},"end":{"line":13,"column":1}},"line":11},"1":{"name":"(anonymous_1)","decl":{"start":{"line":17,"column":50},"end":{"line":17,"column":51}},"loc":{"start":{"line":17,"column":64},"end":{"line":19,"column":1}},"line":17},"2":{"name":"(anonymous_2)","decl":{"start":{"line":23,"column":48},"end":{"line":23,"column":49}},"loc":{"start":{"line":23,"column":62},"end":{"line":25,"column":1}},"line":23}},"branchMap":{},"s":{"0":1,"1":1,"2":1,"3":1,"4":1,"5":1,"6":1,"7":2,"8":1,"9":0,"10":1,"11":0,"12":1},"f":{"0":2,"1":0,"2":0},"b":{},"_coverageSchema":"1a1c01bbd47fc00a2c39e90264f33305004495a9","hash":"de5ed5250c93d0e6251ca93e72eb964333943206"}
}
