TN:
SF:client/containers/LeftSideContainer.jsx
FN:12,(anonymous_0)
FNF:1
FNH:1
FNDA:3,(anonymous_0)
DA:12,1
DA:13,3
DA:14,3
DA:17,3
DA:18,1
DA:20,2
DA:21,1
DA:24,2
LF:8
LH:8
BRDA:17,0,0,1
BRDA:17,0,1,2
BRDA:20,1,0,1
BRDA:20,1,1,1
BRF:4
BRH:4
end_of_record
TN:
SF:client/containers/RightSideContainer.jsx
FN:17,(anonymous_0)
FN:20,(anonymous_1)
FNF:2
FNH:1
FNDA:3,(anonymous_0)
FNDA:0,(anonymous_1)
DA:17,1
DA:18,3
DA:20,2
DA:21,0
DA:22,0
DA:24,0
DA:28,2
DA:29,1
DA:32,1
LF:9
LH:6
BRDA:21,0,0,0
BRDA:21,0,1,0
BRDA:28,1,0,1
BRDA:28,1,1,1
BRF:4
BRH:2
end_of_record
